<?xml version="1.0" encoding="UTF-8"?>
<!-- Generated by org.testng.reporters.JUnitXMLReporter -->
<testsuite hostname="BBLPT0792" ignored="0" name="Test" tests="1" failures="1" timestamp="08 Apr 2018 19:59:36 GMT" time="2.89" errors="0">
  <testcase name="testEasy" time="2.849" classname="taTest.NewTest">
    <failure type="java.lang.RuntimeException" message="java.lang.InstantiationException: Pages.WebHomePage">
      <![CDATA[java.lang.RuntimeException: java.lang.InstantiationException: Pages.WebHomePage
at org.openqa.selenium.support.PageFactory.instantiatePage(PageFactory.java:134)
at org.openqa.selenium.support.PageFactory.initElements(PageFactory.java:64)
at Pages.Pages.HomePage(Pages.java:9)
at taTest.NewTest.testEasy(NewTest.java:21)
Caused by: java.lang.InstantiationException: Pages.WebHomePage
at java.lang.Class.newInstance(Unknown Source)
at org.openqa.selenium.support.PageFactory.instantiatePage(PageFactory.java:131)
... 28 more
Caused by: java.lang.NoSuchMethodException: Pages.WebHomePage.<init>()
at java.lang.Class.getConstructor0(Unknown Source)
... 30 more
... Removed 25 stack frames]]>
    </failure>
  </testcase> <!-- testEasy -->
</testsuite> <!-- Test -->
